2020-01-25 21:37:59,857 - d:/codeSavePath/production practice/DoubanMovie/DoubanMovie/main.py[line:83] - DEBUG: debug
2020-01-25 21:37:59,877 - d:/codeSavePath/production practice/DoubanMovie/DoubanMovie/main.py[line:84] - INFO: info
2020-01-25 21:37:59,883 - d:/codeSavePath/production practice/DoubanMovie/DoubanMovie/main.py[line:85] - WARNING: 警告
2020-01-25 21:37:59,906 - d:/codeSavePath/production practice/DoubanMovie/DoubanMovie/main.py[line:86] - ERROR: 报错
2020-01-25 21:37:59,910 - d:/codeSavePath/production practice/DoubanMovie/DoubanMovie/main.py[line:87] - CRITICAL: 严重
2020-01-25 21:44:51,004 - d:/codeSavePath/production practice/DoubanMovie/DoubanMovie/main.py[line:95] - DEBUG: debug
2020-01-25 21:44:51,006 - d:/codeSavePath/production practice/DoubanMovie/DoubanMovie/main.py[line:96] - INFO: info
2020-01-25 21:44:51,007 - d:/codeSavePath/production practice/DoubanMovie/DoubanMovie/main.py[line:97] - WARNING: 警告
2020-01-25 21:44:51,007 - d:/codeSavePath/production practice/DoubanMovie/DoubanMovie/main.py[line:98] - ERROR: 报错
2020-01-25 21:44:51,009 - d:/codeSavePath/production practice/DoubanMovie/DoubanMovie/main.py[line:99] - CRITICAL: 严重
2020-01-25 21:46:53,844 - d:/codeSavePath/production practice/DoubanMovie/DoubanMovie/main.py[line:95] - DEBUG: debug
2020-01-25 21:46:53,845 - d:/codeSavePath/production practice/DoubanMovie/DoubanMovie/main.py[line:96] - INFO: info
2020-01-25 21:46:53,858 - d:/codeSavePath/production practice/DoubanMovie/DoubanMovie/main.py[line:97] - WARNING: 警告
2020-01-25 21:46:53,859 - d:/codeSavePath/production practice/DoubanMovie/DoubanMovie/main.py[line:98] - ERROR: 报错
2020-01-25 21:46:53,877 - d:/codeSavePath/production practice/DoubanMovie/DoubanMovie/main.py[line:99] - CRITICAL: 严重
2020-01-25 21:58:27,304 - d:/codeSavePath/production practice/DoubanMovie/DoubanMovie/main.py[line:95] - DEBUG: debug
2020-01-25 21:58:27,311 - d:/codeSavePath/production practice/DoubanMovie/DoubanMovie/main.py[line:96] - INFO: info
2020-01-25 21:58:27,321 - d:/codeSavePath/production practice/DoubanMovie/DoubanMovie/main.py[line:97] - WARNING: 警告
2020-01-25 21:58:27,326 - d:/codeSavePath/production practice/DoubanMovie/DoubanMovie/main.py[line:98] - ERROR: 报错
2020-01-25 21:58:27,328 - d:/codeSavePath/production practice/DoubanMovie/DoubanMovie/main.py[line:99] - CRITICAL: 严重
